ARM GAS  /var/folders/zb/bpcykl9d7sgcfb1f77n9kt9h0000gn/T//cchEVZs2.s 			page 1


   1              		.cpu cortex-m4
   2              		.arch armv7e-m
   3              		.fpu fpv4-sp-d16
   4              		.eabi_attribute 27, 1
   5              		.eabi_attribute 28, 1
   6              		.eabi_attribute 20, 1
   7              		.eabi_attribute 21, 1
   8              		.eabi_attribute 23, 3
   9              		.eabi_attribute 24, 1
  10              		.eabi_attribute 25, 1
  11              		.eabi_attribute 26, 1
  12              		.eabi_attribute 30, 1
  13              		.eabi_attribute 34, 1
  14              		.eabi_attribute 18, 4
  15              		.file	"esos_stm32l4_utils.c"
  16              		.text
  17              	.Ltext0:
  18              		.cfi_sections	.debug_frame
  19              		.section	.text.__esos_hw_PRNG_u32,"ax",%progbits
  20              		.align	1
  21              		.global	__esos_hw_PRNG_u32
  22              		.syntax unified
  23              		.thumb
  24              		.thumb_func
  26              	__esos_hw_PRNG_u32:
  27              	.LFB0:
  28              		.file 1 "/Users/user/Desktop/esos32/src/stm32l4_ocm3/esos_stm32l4_utils.c"
   1:/Users/user/Desktop/esos32/src/stm32l4_ocm3/esos_stm32l4_utils.c **** /*
   2:/Users/user/Desktop/esos32/src/stm32l4_ocm3/esos_stm32l4_utils.c ****  * "Copyright (c) 2019 J. W. Bruce ("AUTHOR(S)")"
   3:/Users/user/Desktop/esos32/src/stm32l4_ocm3/esos_stm32l4_utils.c ****  * All rights reserved.
   4:/Users/user/Desktop/esos32/src/stm32l4_ocm3/esos_stm32l4_utils.c ****  * (J. W. Bruce, jwbruce_AT_tntech.edu, Tennessee Tech University)
   5:/Users/user/Desktop/esos32/src/stm32l4_ocm3/esos_stm32l4_utils.c ****  *
   6:/Users/user/Desktop/esos32/src/stm32l4_ocm3/esos_stm32l4_utils.c ****  * Permission to use, copy, modify, and distribute this software and its
   7:/Users/user/Desktop/esos32/src/stm32l4_ocm3/esos_stm32l4_utils.c ****  * documentation for any purpose, without fee, and without written agreement is
   8:/Users/user/Desktop/esos32/src/stm32l4_ocm3/esos_stm32l4_utils.c ****  * hereby granted, provided that the above copyright notice, the following
   9:/Users/user/Desktop/esos32/src/stm32l4_ocm3/esos_stm32l4_utils.c ****  * two paragraphs and the authors appear in all copies of this software.
  10:/Users/user/Desktop/esos32/src/stm32l4_ocm3/esos_stm32l4_utils.c ****  *
  11:/Users/user/Desktop/esos32/src/stm32l4_ocm3/esos_stm32l4_utils.c ****  * IN NO EVENT SHALL THE "AUTHORS" BE LIABLE TO ANY PARTY FOR
  12:/Users/user/Desktop/esos32/src/stm32l4_ocm3/esos_stm32l4_utils.c ****  * DIRECT, INDIRECT, SPECIAL, INCIDENTAL, OR CONSEQUENTIAL DAMAGES ARISING OUT
  13:/Users/user/Desktop/esos32/src/stm32l4_ocm3/esos_stm32l4_utils.c ****  * OF THE USE OF THIS SOFTWARE AND ITS DOCUMENTATION, EVEN IF THE "AUTHORS"
  14:/Users/user/Desktop/esos32/src/stm32l4_ocm3/esos_stm32l4_utils.c ****  * HAS BEEN ADVISED OF THE POSSIBILITY OF SUCH DAMAGE.
  15:/Users/user/Desktop/esos32/src/stm32l4_ocm3/esos_stm32l4_utils.c ****  *
  16:/Users/user/Desktop/esos32/src/stm32l4_ocm3/esos_stm32l4_utils.c ****  * THE "AUTHORS" SPECIFICALLY DISCLAIMS ANY WARRANTIES,
  17:/Users/user/Desktop/esos32/src/stm32l4_ocm3/esos_stm32l4_utils.c ****  * INCLUDING, BUT NOT LIMITED TO, THE IMPLIED WARRANTIES OF MERCHANTABILITY
  18:/Users/user/Desktop/esos32/src/stm32l4_ocm3/esos_stm32l4_utils.c ****  * AND FITNESS FOR A PARTICULAR PURPOSE.  THE SOFTWARE PROVIDED HEREUNDER IS
  19:/Users/user/Desktop/esos32/src/stm32l4_ocm3/esos_stm32l4_utils.c ****  * ON AN "AS IS" BASIS, AND THE "AUTHORS" HAS NO OBLIGATION TO
  20:/Users/user/Desktop/esos32/src/stm32l4_ocm3/esos_stm32l4_utils.c ****  * PROVIDE MAINTENANCE, SUPPORT, UPDATES, ENHANCEMENTS, OR MODIFICATIONS."
  21:/Users/user/Desktop/esos32/src/stm32l4_ocm3/esos_stm32l4_utils.c ****  *
  22:/Users/user/Desktop/esos32/src/stm32l4_ocm3/esos_stm32l4_utils.c ****  * Please maintain this header in its entirety when copying/modifying
  23:/Users/user/Desktop/esos32/src/stm32l4_ocm3/esos_stm32l4_utils.c ****  * these files.
  24:/Users/user/Desktop/esos32/src/stm32l4_ocm3/esos_stm32l4_utils.c ****  *
  25:/Users/user/Desktop/esos32/src/stm32l4_ocm3/esos_stm32l4_utils.c ****  *
  26:/Users/user/Desktop/esos32/src/stm32l4_ocm3/esos_stm32l4_utils.c ****  */
  27:/Users/user/Desktop/esos32/src/stm32l4_ocm3/esos_stm32l4_utils.c **** 
  28:/Users/user/Desktop/esos32/src/stm32l4_ocm3/esos_stm32l4_utils.c **** // Documentation for this file. If the \file tag isn't present,
  29:/Users/user/Desktop/esos32/src/stm32l4_ocm3/esos_stm32l4_utils.c **** // this file won't be documented.
  30:/Users/user/Desktop/esos32/src/stm32l4_ocm3/esos_stm32l4_utils.c **** /** \file
ARM GAS  /var/folders/zb/bpcykl9d7sgcfb1f77n9kt9h0000gn/T//cchEVZs2.s 			page 2


  31:/Users/user/Desktop/esos32/src/stm32l4_ocm3/esos_stm32l4_utils.c **** * \brief STM32L4xx hardware support for various ESOS utilities
  32:/Users/user/Desktop/esos32/src/stm32l4_ocm3/esos_stm32l4_utils.c **** * random numbers, CRC, hashes, etc.  executed in hardware, *if available*
  33:/Users/user/Desktop/esos32/src/stm32l4_ocm3/esos_stm32l4_utils.c **** */
  34:/Users/user/Desktop/esos32/src/stm32l4_ocm3/esos_stm32l4_utils.c **** 
  35:/Users/user/Desktop/esos32/src/stm32l4_ocm3/esos_stm32l4_utils.c **** // Include any HW-specific header files to pick up the HW register
  36:/Users/user/Desktop/esos32/src/stm32l4_ocm3/esos_stm32l4_utils.c **** //  definitions, macros, etc.
  37:/Users/user/Desktop/esos32/src/stm32l4_ocm3/esos_stm32l4_utils.c **** #include    "esos_stm32l4.h"
  38:/Users/user/Desktop/esos32/src/stm32l4_ocm3/esos_stm32l4_utils.c **** #include	"esos_stm32l4_utils.h"
  39:/Users/user/Desktop/esos32/src/stm32l4_ocm3/esos_stm32l4_utils.c **** 
  40:/Users/user/Desktop/esos32/src/stm32l4_ocm3/esos_stm32l4_utils.c **** // VARIABLES
  41:/Users/user/Desktop/esos32/src/stm32l4_ocm3/esos_stm32l4_utils.c **** #ifdef STM32L452xx
  42:/Users/user/Desktop/esos32/src/stm32l4_ocm3/esos_stm32l4_utils.c **** //RNG_HandleTypeDef hrng;
  43:/Users/user/Desktop/esos32/src/stm32l4_ocm3/esos_stm32l4_utils.c **** #endif
  44:/Users/user/Desktop/esos32/src/stm32l4_ocm3/esos_stm32l4_utils.c **** 
  45:/Users/user/Desktop/esos32/src/stm32l4_ocm3/esos_stm32l4_utils.c **** /***************************************************
  46:/Users/user/Desktop/esos32/src/stm32l4_ocm3/esos_stm32l4_utils.c ****  * 
  47:/Users/user/Desktop/esos32/src/stm32l4_ocm3/esos_stm32l4_utils.c ****  * HARDWARE-specific ESOS utility functions
  48:/Users/user/Desktop/esos32/src/stm32l4_ocm3/esos_stm32l4_utils.c ****  * 
  49:/Users/user/Desktop/esos32/src/stm32l4_ocm3/esos_stm32l4_utils.c ****  * *************************************************/
  50:/Users/user/Desktop/esos32/src/stm32l4_ocm3/esos_stm32l4_utils.c **** 
  51:/Users/user/Desktop/esos32/src/stm32l4_ocm3/esos_stm32l4_utils.c **** /* ******************************************************
  52:/Users/user/Desktop/esos32/src/stm32l4_ocm3/esos_stm32l4_utils.c **** * \brief HW pseudo-random number generation...
  53:/Users/user/Desktop/esos32/src/stm32l4_ocm3/esos_stm32l4_utils.c **** *
  54:/Users/user/Desktop/esos32/src/stm32l4_ocm3/esos_stm32l4_utils.c **** * \note All hardware must implement this function.
  55:/Users/user/Desktop/esos32/src/stm32l4_ocm3/esos_stm32l4_utils.c **** * 
  56:/Users/user/Desktop/esos32/src/stm32l4_ocm3/esos_stm32l4_utils.c **** * If the underlying hardware has PRNG on-board, it can
  57:/Users/user/Desktop/esos32/src/stm32l4_ocm3/esos_stm32l4_utils.c **** * implement it here and return the uint32 "random" number.
  58:/Users/user/Desktop/esos32/src/stm32l4_ocm3/esos_stm32l4_utils.c **** * 
  59:/Users/user/Desktop/esos32/src/stm32l4_ocm3/esos_stm32l4_utils.c **** * If the underlying HW does not have PRNG on-board, it
  60:/Users/user/Desktop/esos32/src/stm32l4_ocm3/esos_stm32l4_utils.c **** * can call the hidden ESOS function for software RNG
  61:/Users/user/Desktop/esos32/src/stm32l4_ocm3/esos_stm32l4_utils.c **** *         uint32 __esos_get_PRNG_RandomUint32(void)
  62:/Users/user/Desktop/esos32/src/stm32l4_ocm3/esos_stm32l4_utils.c **** * and return that value.
  63:/Users/user/Desktop/esos32/src/stm32l4_ocm3/esos_stm32l4_utils.c **** *
  64:/Users/user/Desktop/esos32/src/stm32l4_ocm3/esos_stm32l4_utils.c **** ********************************************************/
  65:/Users/user/Desktop/esos32/src/stm32l4_ocm3/esos_stm32l4_utils.c **** uint32_t   __esos_hw_PRNG_u32(void) {
  29              		.loc 1 65 37 view -0
  30              		.cfi_startproc
  31              		@ args = 0, pretend = 0, frame = 0
  32              		@ frame_needed = 0, uses_anonymous_args = 0
  33 0000 08B5     		push	{r3, lr}
  34              	.LCFI0:
  35              		.cfi_def_cfa_offset 8
  36              		.cfi_offset 3, -8
  37              		.cfi_offset 14, -4
  66:/Users/user/Desktop/esos32/src/stm32l4_ocm3/esos_stm32l4_utils.c **** //#ifdef STM32L452xx
  67:/Users/user/Desktop/esos32/src/stm32l4_ocm3/esos_stm32l4_utils.c **** #if 0
  68:/Users/user/Desktop/esos32/src/stm32l4_ocm3/esos_stm32l4_utils.c ****   uint32_t		u32_randomNum;
  69:/Users/user/Desktop/esos32/src/stm32l4_ocm3/esos_stm32l4_utils.c ****   
  70:/Users/user/Desktop/esos32/src/stm32l4_ocm3/esos_stm32l4_utils.c ****   #if 1
  71:/Users/user/Desktop/esos32/src/stm32l4_ocm3/esos_stm32l4_utils.c **** 	rng_get_random(&u32_randomNum);
  72:/Users/user/Desktop/esos32/src/stm32l4_ocm3/esos_stm32l4_utils.c ****   #else
  73:/Users/user/Desktop/esos32/src/stm32l4_ocm3/esos_stm32l4_utils.c ****     // not sure why this doesn't work...... should be
  74:/Users/user/Desktop/esos32/src/stm32l4_ocm3/esos_stm32l4_utils.c ****     // faster than above as we will read last RNG and then
  75:/Users/user/Desktop/esos32/src/stm32l4_ocm3/esos_stm32l4_utils.c ****     //  kick off the RNG hardware to make a new RNG before
  76:/Users/user/Desktop/esos32/src/stm32l4_ocm3/esos_stm32l4_utils.c ****     //  our next read.   Need to study HAL more to figure this out.
  77:/Users/user/Desktop/esos32/src/stm32l4_ocm3/esos_stm32l4_utils.c **** 
  78:/Users/user/Desktop/esos32/src/stm32l4_ocm3/esos_stm32l4_utils.c ****   #endif
ARM GAS  /var/folders/zb/bpcykl9d7sgcfb1f77n9kt9h0000gn/T//cchEVZs2.s 			page 3


  79:/Users/user/Desktop/esos32/src/stm32l4_ocm3/esos_stm32l4_utils.c ****   return u32_randomNum;
  80:/Users/user/Desktop/esos32/src/stm32l4_ocm3/esos_stm32l4_utils.c **** #else
  81:/Users/user/Desktop/esos32/src/stm32l4_ocm3/esos_stm32l4_utils.c ****   return ( __esos_get_PRNG_RandomUint32() );
  38              		.loc 1 81 3 view .LVU1
  39              		.loc 1 81 12 is_stmt 0 view .LVU2
  40 0002 FFF7FEFF 		bl	__esos_get_PRNG_RandomUint32
  41              	.LVL0:
  82:/Users/user/Desktop/esos32/src/stm32l4_ocm3/esos_stm32l4_utils.c **** #endif
  83:/Users/user/Desktop/esos32/src/stm32l4_ocm3/esos_stm32l4_utils.c **** } // end __esos_hw_PRNG_u32(void)
  42              		.loc 1 83 1 view .LVU3
  43 0006 08BD     		pop	{r3, pc}
  44              		.cfi_endproc
  45              	.LFE0:
  47              		.section	.text.__esos_hw_config_PRNG,"ax",%progbits
  48              		.align	1
  49              		.global	__esos_hw_config_PRNG
  50              		.syntax unified
  51              		.thumb
  52              		.thumb_func
  54              	__esos_hw_config_PRNG:
  55              	.LFB1:
  84:/Users/user/Desktop/esos32/src/stm32l4_ocm3/esos_stm32l4_utils.c **** 
  85:/Users/user/Desktop/esos32/src/stm32l4_ocm3/esos_stm32l4_utils.c **** 
  86:/Users/user/Desktop/esos32/src/stm32l4_ocm3/esos_stm32l4_utils.c **** /* *******************************************************
  87:/Users/user/Desktop/esos32/src/stm32l4_ocm3/esos_stm32l4_utils.c **** * \brief user-provided function to config the HW RNG
  88:/Users/user/Desktop/esos32/src/stm32l4_ocm3/esos_stm32l4_utils.c **** *
  89:/Users/user/Desktop/esos32/src/stm32l4_ocm3/esos_stm32l4_utils.c **** * \note All hardware must implement this function.
  90:/Users/user/Desktop/esos32/src/stm32l4_ocm3/esos_stm32l4_utils.c **** * 
  91:/Users/user/Desktop/esos32/src/stm32l4_ocm3/esos_stm32l4_utils.c **** * If the underlying hardware has PRNG on-board, HW-specific code
  92:/Users/user/Desktop/esos32/src/stm32l4_ocm3/esos_stm32l4_utils.c **** * for intializing the PRNG hardware goes here.
  93:/Users/user/Desktop/esos32/src/stm32l4_ocm3/esos_stm32l4_utils.c **** * 
  94:/Users/user/Desktop/esos32/src/stm32l4_ocm3/esos_stm32l4_utils.c **** * If the underlying HW does not have PRNG on-board, this
  95:/Users/user/Desktop/esos32/src/stm32l4_ocm3/esos_stm32l4_utils.c **** * function should just return.
  96:/Users/user/Desktop/esos32/src/stm32l4_ocm3/esos_stm32l4_utils.c **** *
  97:/Users/user/Desktop/esos32/src/stm32l4_ocm3/esos_stm32l4_utils.c **** *******************************************************  */
  98:/Users/user/Desktop/esos32/src/stm32l4_ocm3/esos_stm32l4_utils.c **** void   __esos_hw_config_PRNG(void) {
  56              		.loc 1 98 36 is_stmt 1 view -0
  57              		.cfi_startproc
  58              		@ args = 0, pretend = 0, frame = 0
  59              		@ frame_needed = 0, uses_anonymous_args = 0
  60 0000 08B5     		push	{r3, lr}
  61              	.LCFI1:
  62              		.cfi_def_cfa_offset 8
  63              		.cfi_offset 3, -8
  64              		.cfi_offset 14, -4
  99:/Users/user/Desktop/esos32/src/stm32l4_ocm3/esos_stm32l4_utils.c **** #ifdef STM32L452xx	
 100:/Users/user/Desktop/esos32/src/stm32l4_ocm3/esos_stm32l4_utils.c ****   
 101:/Users/user/Desktop/esos32/src/stm32l4_ocm3/esos_stm32l4_utils.c **** 	//HAL VERSION
 102:/Users/user/Desktop/esos32/src/stm32l4_ocm3/esos_stm32l4_utils.c **** 	/*hrng.Instance = RNG;
 103:/Users/user/Desktop/esos32/src/stm32l4_ocm3/esos_stm32l4_utils.c ****   if (HAL_RNG_Init(&hrng) != HAL_OK)
 104:/Users/user/Desktop/esos32/src/stm32l4_ocm3/esos_stm32l4_utils.c ****   {
 105:/Users/user/Desktop/esos32/src/stm32l4_ocm3/esos_stm32l4_utils.c ****     Error_Handler();
 106:/Users/user/Desktop/esos32/src/stm32l4_ocm3/esos_stm32l4_utils.c ****   }*/
 107:/Users/user/Desktop/esos32/src/stm32l4_ocm3/esos_stm32l4_utils.c **** 	
 108:/Users/user/Desktop/esos32/src/stm32l4_ocm3/esos_stm32l4_utils.c **** 	///////////////
 109:/Users/user/Desktop/esos32/src/stm32l4_ocm3/esos_stm32l4_utils.c **** 	//CM3 VERSION//
 110:/Users/user/Desktop/esos32/src/stm32l4_ocm3/esos_stm32l4_utils.c **** 	///////////////
ARM GAS  /var/folders/zb/bpcykl9d7sgcfb1f77n9kt9h0000gn/T//cchEVZs2.s 			page 4


 111:/Users/user/Desktop/esos32/src/stm32l4_ocm3/esos_stm32l4_utils.c **** 	rng_enable();
  65              		.loc 1 111 2 view .LVU5
  66 0002 FFF7FEFF 		bl	rng_enable
  67              	.LVL1:
 112:/Users/user/Desktop/esos32/src/stm32l4_ocm3/esos_stm32l4_utils.c **** 	
 113:/Users/user/Desktop/esos32/src/stm32l4_ocm3/esos_stm32l4_utils.c **** #endif
 114:/Users/user/Desktop/esos32/src/stm32l4_ocm3/esos_stm32l4_utils.c **** }  // end __esos_hw_config_PRNG(void)
  68              		.loc 1 114 1 is_stmt 0 view .LVU6
  69 0006 08BD     		pop	{r3, pc}
  70              		.cfi_endproc
  71              	.LFE1:
  73              		.section	.text.__esos_hw_set_PRNG_Seed,"ax",%progbits
  74              		.align	1
  75              		.global	__esos_hw_set_PRNG_Seed
  76              		.syntax unified
  77              		.thumb
  78              		.thumb_func
  80              	__esos_hw_set_PRNG_Seed:
  81              	.LVL2:
  82              	.LFB2:
 115:/Users/user/Desktop/esos32/src/stm32l4_ocm3/esos_stm32l4_utils.c **** 
 116:/Users/user/Desktop/esos32/src/stm32l4_ocm3/esos_stm32l4_utils.c **** /* *******************************************************
 117:/Users/user/Desktop/esos32/src/stm32l4_ocm3/esos_stm32l4_utils.c **** * \brief seed the HW pseudo-random number generator...
 118:/Users/user/Desktop/esos32/src/stm32l4_ocm3/esos_stm32l4_utils.c **** *
 119:/Users/user/Desktop/esos32/src/stm32l4_ocm3/esos_stm32l4_utils.c **** * \note All hardware must implement this function.
 120:/Users/user/Desktop/esos32/src/stm32l4_ocm3/esos_stm32l4_utils.c **** * 
 121:/Users/user/Desktop/esos32/src/stm32l4_ocm3/esos_stm32l4_utils.c **** * If the underlying hardware has PRNG on-board, it can
 122:/Users/user/Desktop/esos32/src/stm32l4_ocm3/esos_stm32l4_utils.c **** * do what it needs to "seed" the PRNG.
 123:/Users/user/Desktop/esos32/src/stm32l4_ocm3/esos_stm32l4_utils.c **** * 
 124:/Users/user/Desktop/esos32/src/stm32l4_ocm3/esos_stm32l4_utils.c **** * If the underlying HW does not have PRNG on-board, it
 125:/Users/user/Desktop/esos32/src/stm32l4_ocm3/esos_stm32l4_utils.c **** * can call the hidden ESOS function for seeding the
 126:/Users/user/Desktop/esos32/src/stm32l4_ocm3/esos_stm32l4_utils.c **** * ESOS software RNG function
 127:/Users/user/Desktop/esos32/src/stm32l4_ocm3/esos_stm32l4_utils.c **** *         void __esos_setSWRNGU32Seed(uint32)
 128:/Users/user/Desktop/esos32/src/stm32l4_ocm3/esos_stm32l4_utils.c **** *
 129:/Users/user/Desktop/esos32/src/stm32l4_ocm3/esos_stm32l4_utils.c **** *  \sa __esos_get_PRNG_RandomUint32
 130:/Users/user/Desktop/esos32/src/stm32l4_ocm3/esos_stm32l4_utils.c **** *
 131:/Users/user/Desktop/esos32/src/stm32l4_ocm3/esos_stm32l4_utils.c **** ********************************************************** */
 132:/Users/user/Desktop/esos32/src/stm32l4_ocm3/esos_stm32l4_utils.c **** void __esos_hw_set_PRNG_Seed(uint32_t u32_seed) {
  83              		.loc 1 132 49 is_stmt 1 view -0
  84              		.cfi_startproc
  85              		@ args = 0, pretend = 0, frame = 0
  86              		@ frame_needed = 0, uses_anonymous_args = 0
  87              		@ link register save eliminated.
 133:/Users/user/Desktop/esos32/src/stm32l4_ocm3/esos_stm32l4_utils.c **** #ifndef STM32L452xx
 134:/Users/user/Desktop/esos32/src/stm32l4_ocm3/esos_stm32l4_utils.c **** // RNG hardware doesn't let us set the seed
 135:/Users/user/Desktop/esos32/src/stm32l4_ocm3/esos_stm32l4_utils.c ****    __esos_set_PRNG_U32Seed(u32_seed);
 136:/Users/user/Desktop/esos32/src/stm32l4_ocm3/esos_stm32l4_utils.c **** #endif
 137:/Users/user/Desktop/esos32/src/stm32l4_ocm3/esos_stm32l4_utils.c ****   
 138:/Users/user/Desktop/esos32/src/stm32l4_ocm3/esos_stm32l4_utils.c **** } // end __esos_hw_setPRNG_Seed(uint32)
  88              		.loc 1 138 1 view .LVU8
  89 0000 7047     		bx	lr
  90              		.cfi_endproc
  91              	.LFE2:
  93              		.text
  94              	.Letext0:
  95              		.file 2 "/Users/user/Desktop/Apps/Toolchain/gcc-arm-none-eabi-10.3-2021.10/arm-none-eabi/include/m
  96              		.file 3 "/Users/user/Desktop/Apps/Toolchain/gcc-arm-none-eabi-10.3-2021.10/arm-none-eabi/include/s
ARM GAS  /var/folders/zb/bpcykl9d7sgcfb1f77n9kt9h0000gn/T//cchEVZs2.s 			page 5


  97              		.file 4 "/Users/user/Desktop/libopencm3/include/libopencm3/stm32/common/rng_common_v1.h"
  98              		.file 5 "/Users/user/Desktop/esos32/include/esos_utils.h"
ARM GAS  /var/folders/zb/bpcykl9d7sgcfb1f77n9kt9h0000gn/T//cchEVZs2.s 			page 6


DEFINED SYMBOLS
                            *ABS*:0000000000000000 esos_stm32l4_utils.c
/var/folders/zb/bpcykl9d7sgcfb1f77n9kt9h0000gn/T//cchEVZs2.s:20     .text.__esos_hw_PRNG_u32:0000000000000000 $t
/var/folders/zb/bpcykl9d7sgcfb1f77n9kt9h0000gn/T//cchEVZs2.s:26     .text.__esos_hw_PRNG_u32:0000000000000000 __esos_hw_PRNG_u32
/var/folders/zb/bpcykl9d7sgcfb1f77n9kt9h0000gn/T//cchEVZs2.s:48     .text.__esos_hw_config_PRNG:0000000000000000 $t
/var/folders/zb/bpcykl9d7sgcfb1f77n9kt9h0000gn/T//cchEVZs2.s:54     .text.__esos_hw_config_PRNG:0000000000000000 __esos_hw_config_PRNG
/var/folders/zb/bpcykl9d7sgcfb1f77n9kt9h0000gn/T//cchEVZs2.s:74     .text.__esos_hw_set_PRNG_Seed:0000000000000000 $t
/var/folders/zb/bpcykl9d7sgcfb1f77n9kt9h0000gn/T//cchEVZs2.s:80     .text.__esos_hw_set_PRNG_Seed:0000000000000000 __esos_hw_set_PRNG_Seed

UNDEFINED SYMBOLS
__esos_get_PRNG_RandomUint32
rng_enable
